2024/01/10 16:45:17 - aw.Iotcapi_on_202312111600 MAKE_613C! 

2024/01/10 17:16:56 - aw.get_https_from_HT(613C)_(curl -m 5 -i -X POST -H Content-Type:application/json -d '{sno:001,sigtime:2024/01/10 17:16:54 ,catg:3,mno:0780009,uid:9MBMT39FVRSMZC8F111A,power:A,lan:1,scode:ON022000000,}' http://wlsecurity078.sks.com.tw/uisgw/api/receive
) 

2024/01/10 17:16:57 - aw.CA_info_completed_and_expiredate_ok! 

2024/01/10 17:21:17 - aw.UG020010000_Cted.201_001_613C_lan! 

2024/01/10 17:21:20 - aw.ON022000000_Cted.201_001_613C_lan! 

2024/01/10 22:10:09 - aw.time_upload_log! 

2024/01/10 22:10:09 - aw.Upload_run! 

curl -m 5 -i -X POST -H "Content-Type:application/json" -d '{"sno":"001","sigtime":"2024/01/10 17:16:54 ","catg":"3","mno":"0780009","uid":"9MBMT39FVRSMZC8F111A","power":"A","lan":"1","scode":"ON022000000,"}' http://wlsecurity078.sks.com.tw/uisgw/api/receive
2024/01/11 01:16:01 - aw.Socket_server_8198c mem size=>(12064)! 

2024/01/11 01:20:08 - aw.IOTCAPIs_Device2_8198c_h mem size=>(24048)! 

2024/01/11 09:16:01 - aw.Socket_server_8198c mem size=>(12064)! 

2024/01/11 09:20:08 - aw.IOTCAPIs_Device2_8198c_h mem size=>(24048)! 

2024/01/11 09:52:32 - aw.push_WEB Arm1-NGW400-WEB WEBWEB_Cted.(201)_613C_lan! 

2024/01/11 09:55:22 - aw.get_https_from_HT(613C)_(curl -m 5 -i -X POST -H Content-Type:application/json -d '{sno:002,sigtime:2024/01/11 09:55:20 ,catg:3,mno:0780009,uid:9MBMT39FVRSMZC8F111A,power:A,lan:1,scode:DI022010000,}' http://wlsecurity078.sks.com.tw/uisgw/api/receive
) 

2024/01/11 09:55:27 - aw.push_WEB Disarm1-NGW400-WEB WEBWEB_Cted.(201)_613C_lan! 

2024/01/11 10:00:24 - aw.get_https_from_HT(613C)_(curl -m 5 -i -X POST -H Content-Type:application/json -d '{sno:003,sigtime:2024/01/11 10:00:22 ,catg:3,mno:0780009,uid:9MBMT39FVRSMZC8F111A,power:A,lan:1,scode:AR022010000,}' http://wlsecurity078.sks.com.tw/uisgw/api/receive
) 

2024/01/11 10:00:24 - aw.get_push_from_HT(613C)_lan! 

2024/01/11 10:00:27 - aw.AR022010000_Cted.201_003_613C_lan! 

2024/01/11 10:00:28 - aw.get_push_from_HT(613C)_lan! 

2024/01/11 10:00:29 - aw.get_https_from_HT(613C)_(curl -m 5 -i -X POST -H Content-Type:application/json -d '{sno:004,sigtime:2024/01/11 10:00:28 ,catg:3,mno:0780009,uid:9MBMT39FVRSMZC8F111A,power:A,lan:1,scode:AL110010000,}' http://wlsecurity078.sks.com.tw/uisgw/api/receive
) 

2024/01/11 10:00:30 - aw.AL110010000_Cted.201_004_613C_lan! 

2024/01/11 10:00:33 - aw.get_https_from_HT(613C)_(curl -m 5 -i -X POST -H Content-Type:application/json -d '{sno:005,sigtime:2024/01/11 10:00:31 ,catg:3,mno:0780009,uid:9MBMT39FVRSMZC8F111A,power:A,lan:1,scode:DI022010000,}' http://wlsecurity078.sks.com.tw/uisgw/api/receive
) 

2024/01/11 10:00:34 - aw.DI022010000_Cted.201_005_613C_lan! 

2024/01/11 10:00:36 - aw.push_WEB Arm1-NGW400-WEB WEBWEB_Cted.(201)_613C_lan! 

2024/01/11 10:00:37 - aw.push_Alarm1-WDI220-011 11111111111_Cted.(201)_613C_lan! 

2024/01/11 10:00:39 - aw.push_WEB Disarm1-NGW400-WEB WEBWEB_Cted.(201)_613C_lan! 

2024/01/11 10:20:08 - aw.APP_login_SID=0! 

Directory changed to /tmp/usb/sda1
2024/01/11 10:22:06 - aw.Iotcapi_on_202312111600 MAKE_613C! 

2024-01-11 10:22:14: create_objects.c/ReadAllData, no sensor device 
2024/01/11 11:14:59 - aw.get_https_from_HT(613C)_(curl -m 5 -i -X POST -H Content-Type:application/json -d '{sno:001,sigtime:2024/01/11 11:14:59 ,catg:3,mno:0780009,uid:9MBMT39FVRSMZC8F111A,power:A,lan:1,scode:LC280030000,}' http://wlsecurity078.sks.com.tw/uisgw/api/receive
) 

2024/01/11 11:15:17 - aw.LC280030000_Cted.201_001_613C_lan! 

2024/01/11 12:00:05 - aw.CA_info_completed_and_expiredate_ok! 

2024/01/11 12:25:31 - aw.JO280030000_Cted.201_002_613C_lan! 

2024/01/11 15:31:58 - aw.get_https_from_HT(613C)_(curl -m 5 -i -X POST -H Content-Type:application/json -d '{sno:004,sigtime:2024/01/11 15:31:58 ,catg:3,mno:0780009,uid:9MBMT39FVRSMZC8F111A,power:A,lan:1,scode:JO280030000,}' http://wlsecurity078.sks.com.tw/uisgw/api/receive
) 

2024/01/11 15:32:01 - aw.JO280030000_Cted.201_004_613C_lan! 

2024/01/11 16:51:27 - aw.get_https_from_HT(613C)_(curl -m 5 -i -X POST -H Content-Type:application/json -d '{sno:005,sigtime:2024/01/11 16:51:26 ,catg:3,mno:0780009,uid:9MBMT39FVRSMZC8F111A,power:A,lan:1,scode:JO290000000,}' http://wlsecurity078.sks.com.tw/uisgw/api/receive
) 

2024/01/11 16:51:29 - aw.JO290000000_Cted.201_005_613C_lan! 

2024/01/11 16:51:47 - aw.JO290000000_Cted.201_006_613C_lan! 

2024/01/11 16:54:39 - aw.JO280000000_Cted.201_007_613C_lan! 

2024/01/11 16:59:41 - aw.get_push_from_HT(613C)_lan! 

2024/01/11 16:59:41 - aw.get_https_from_HT(613C)_(curl -m 5 -i -X POST -H Content-Type:application/json -d '{sno:008,sigtime:2024/01/11 16:59:40 ,catg:3,mno:0780009,uid:9MBMT39FVRSMZC8F111A,power:A,lan:1,scode:AR022010000,}' http://wlsecurity078.sks.com.tw/uisgw/api/receive
) 

2024/01/11 16:59:44 - aw.AR022010000_Cted.201_008_613C_lan! 

2024/01/11 16:59:46 - aw.push_WEB Arm1-NGW400-WEB WEBWEB_Cted.(201)_613C_lan! 

2024/01/11 17:01:59 - aw.get_https_from_HT(613C)_(curl -m 5 -i -X POST -H Content-Type:application/json -d '{sno:009,sigtime:2024/01/11 17:01:58 ,catg:3,mno:0780009,uid:9MBMT39FVRSMZC8F111A,power:A,lan:1,scode:AL290050000,}' http://wlsecurity078.sks.com.tw/uisgw/api/receive
) 

2024/01/11 17:02:02 - aw.AL290050000_Cted.201_009_613C_lan! 

2024/01/11 17:02:04 - aw.push_Alarm1-SMT300-051 51 5_Cted.(201)_613C_lan! 

2024/01/11 17:03:06 - aw.get_push_from_HT(613C)_lan! 

2024/01/11 17:03:11 - aw.AL290060000_Cted.201_010_613C_lan! 

2024/01/11 17:03:13 - aw.push_Alarm1-SMT300-061 61 6_Cted.(201)_613C_lan! 

2024/01/11 17:03:40 - aw.get_https_from_HT(613C)_(curl -m 5 -i -X POST -H Content-Type:application/json -d '{sno:011,sigtime:2024/01/11 17:03:38 ,catg:3,mno:0780009,uid:9MBMT39FVRSMZC8F111A,power:A,lan:1,scode:AL280070000,}' http://wlsecurity078.sks.com.tw/uisgw/api/receive
) 

2024/01/11 17:03:44 - aw.push_Alarm1-SCT300-071 71 7_Cted.(201)_613C_lan! 

2024/01/11 17:15:22 - aw.get_https_from_HT(613C)_(curl -m 5 -i -X POST -H Content-Type:application/json -d '{sno:012,sigtime:2024/01/11 17:15:21 ,catg:3,mno:0780009,uid:9MBMT39FVRSMZC8F111A,power:A,lan:1,scode:DI022010000,}' http://wlsecurity078.sks.com.tw/uisgw/api/receive
) 

2024/01/11 17:15:22 - aw.get_push_from_HT(613C)_lan! 

2024/01/11 17:15:24 - aw.DI022010000_Cted.201_012_613C_lan! 

2024/01/11 17:15:27 - aw.push_WEB Disarm1-NGW400-WEB WEBWEB_Cted.(201)_613C_lan! 

2024/01/11 18:05:08 - aw.LC290020000_Cted.201_013_613C_lan! 

2024/01/11 18:22:01 - aw.Socket_server_8198c mem size=>(12064)! 

2024/01/11 18:22:08 - aw.IOTCAPIs_Device2_8198c_h mem size=>(24048)! 

2024/01/11 22:10:09 - aw.time_upload_log! 

2024/01/11 22:10:09 - aw.Upload_run! 

curl -m 5 -i -X POST -H "Content-Type:application/json" -d '{"sno":"001","sigtime":"2024/01/10 17:16:54 ","catg":"3","mno":"0780009","uid":"9MBMT39FVRSMZC8F111A","power":"A","lan":"1","scode":"ON022000000,"}' http://wlsecurity078.sks.com.tw/uisgw/api/receive
curl -m 5 -i -X POST -H "Content-Type:application/json" -d '{"sno":"001","sigtime":"2024/01/11 09:52:25 ","catg":"3","mno":"0780009","uid":"9MBMT39FVRSMZC8F111A","power":"A","lan":"1","scode":"AR022010000,"}' http://wlsecurity078.sks.com.tw/uisgw/api/receive
curl -m 5 -i -X POST -H "Content-Type:application/json" -d '{"sno":"002","sigtime":"2024/01/11 09:55:20 ","catg":"3","mno":"0780009","uid":"9MBMT39FVRSMZC8F111A","power":"A","lan":"1","scode":"DI022010000,"}' http://wlsecurity078.sks.com.tw/uisgw/api/receive
curl -m 5 -i -X POST -H "Content-Type:application/json" -d '{"sno":"003","sigtime":"2024/01/11 10:00:22 ","catg":"3","mno":"0780009","uid":"9MBMT39FVRSMZC8F111A","power":"A","lan":"1","scode":"AR022010000,"}' http://wlsecurity078.sks.com.tw/uisgw/api/receive
curl -m 5 -i -X POST -H "Content-Type:application/json" -d '{"sno":"004","sigtime":"2024/01/11 10:00:28 ","catg":"3","mno":"0780009","uid":"9MBMT39FVRSMZC8F111A","power":"A","lan":"1","scode":"AL110010000,"}' http://wlsecurity078.sks.com.tw/uisgw/api/receive
curl -m 5 -i -X POST -H "Content-Type:application/json" -d '{"sno":"005","sigtime":"2024/01/11 10:00:31 ","catg":"3","mno":"0780009","uid":"9MBMT39FVRSMZC8F111A","power":"A","lan":"1","scode":"DI022010000,"}' http://wlsecurity078.sks.com.tw/uisgw/api/receive
curl -m 5 -i -X POST -H "Content-Type:application/json" -d '{"sno":"001","sigtime":"2024/01/11 11:14:59 ","catg":"3","mno":"0780009","uid":"9MBMT39FVRSMZC8F111A","power":"A","lan":"1","scode":"LC280030000,"}' http://wlsecurity078.sks.com.tw/uisgw/api/receive
curl -m 5 -i -X POST -H "Content-Type:application/json" -d '{"sno":"002","sigtime":"2024/01/11 12:25:28 ","catg":"3","mno":"0780009","uid":"9MBMT39FVRSMZC8F111A","power":"A","lan":"1","scode":"JO280030000,"}' http://wlsecurity078.sks.com.tw/uisgw/api/receive
curl -m 5 -i -X POST -H "Content-Type:application/json" -d '{"sno":"003","sigtime":"2024/01/11 13:37:07 ","catg":"3","mno":"0780009","uid":"9MBMT39FVRSMZC8F111A","power":"A","lan":"1","scode":"LC280030000,"}' http://wlsecurity078.sks.com.tw/uisgw/api/receive
curl -m 5 -i -X POST -H "Content-Type:application/json" -d '{"sno":"004","sigtime":"2024/01/11 15:31:58 ","catg":"3","mno":"0780009","uid":"9MBMT39FVRSMZC8F111A","power":"A","lan":"1","scode":"JO280030000,"}' http://wlsecurity078.sks.com.tw/uisgw/api/receive
curl -m 5 -i -X POST -H "Content-Type:application/json" -d '{"sno":"005","sigtime":"2024/01/11 16:51:26 ","catg":"3","mno":"0780009","uid":"9MBMT39FVRSMZC8F111A","power":"A","lan":"1","scode":"JO290000000,"}' http://wlsecurity078.sks.com.tw/uisgw/api/receive
curl -m 5 -i -X POST -H "Content-Type:application/json" -d '{"sno":"006","sigtime":"2024/01/11 16:51:43 ","catg":"3","mno":"0780009","uid":"9MBMT39FVRSMZC8F111A","power":"A","lan":"1","scode":"JO290000000,"}' http://wlsecurity078.sks.com.tw/uisgw/api/receive
curl -m 5 -i -X POST -H "Content-Type:application/json" -d '{"sno":"007","sigtime":"2024/01/11 16:54:35 ","catg":"3","mno":"0780009","uid":"9MBMT39FVRSMZC8F111A","power":"A","lan":"1","scode":"JO280000000,"}' http://wlsecurity078.sks.com.tw/uisgw/api/receive
curl -m 5 -i -X POST -H "Content-Type:application/json" -d '{"sno":"008","sigtime":"2024/01/11 16:59:40 ","catg":"3","mno":"0780009","uid":"9MBMT39FVRSMZC8F111A","power":"A","lan":"1","scode":"AR022010000,"}' http://wlsecurity078.sks.com.tw/uisgw/api/receive
curl -m 5 -i -X POST -H "Content-Type:application/json" -d '{"sno":"009","sigtime":"2024/01/11 17:01:58 ","catg":"3","mno":"0780009","uid":"9MBMT39FVRSMZC8F111A","power":"A","lan":"1","scode":"AL290050000,"}' http://wlsecurity078.sks.com.tw/uisgw/api/receive
curl -m 5 -i -X POST -H "Content-Type:application/json" -d '{"sno":"010","sigtime":"2024/01/11 17:03:06 ","catg":"3","mno":"0780009","uid":"9MBMT39FVRSMZC8F111A","power":"A","lan":"1","scode":"AL290060000,"}' http://wlsecurity078.sks.com.tw/uisgw/api/receive
curl -m 5 -i -X POST -H "Content-Type:application/json" -d '{"sno":"011","sigtime":"2024/01/11 17:03:38 ","catg":"3","mno":"0780009","uid":"9MBMT39FVRSMZC8F111A","power":"A","lan":"1","scode":"AL280070000,"}' http://wlsecurity078.sks.com.tw/uisgw/api/receive
curl -m 5 -i -X POST -H "Content-Type:application/json" -d '{"sno":"012","sigtime":"2024/01/11 17:15:21 ","catg":"3","mno":"0780009","uid":"9MBMT39FVRSMZC8F111A","power":"A","lan":"1","scode":"DI022010000,"}' http://wlsecurity078.sks.com.tw/uisgw/api/receive
curl -m 5 -i -X POST -H "Content-Type:application/json" -d '{"sno":"013","sigtime":"2024/01/11 18:05:04 ","catg":"3","mno":"0780009","uid":"9MBMT39FVRSMZC8F111A","power":"A","lan":"1","scode":"LC290020000,"}' http://wlsecurity078.sks.com.tw/uisgw/api/receive
curl -m 5 -i -X POST -H "Content-Type:application/json" -d '{"sno":"014","sigtime":"2024/01/11 18:05:11 ","catg":"3","mno":"0780009","uid":"9MBMT39FVRSMZC8F111A","power":"A","lan":"1","scode":"LC100100000,"}' http://wlsecurity078.sks.com.tw/uisgw/api/receive
2024/01/12 02:22:01 - aw.Socket_server_8198c mem size=>(12064)! 

2024/01/12 02:22:08 - aw.IOTCAPIs_Device2_8198c_h mem size=>(24048)! 

2024/01/12 08:57:58 - aw.get_push_from_HT(613C)_lan! 

2024/01/12 08:57:59 - aw.get_https_from_HT(613C)_(curl -m 5 -i -X POST -H Content-Type:application/json -d '{sno:001,sigtime:2024/01/12 08:57:57 ,catg:3,mno:0780009,uid:9MBMT39FVRSMZC8F111A,power:A,lan:1,scode:AR021010000,}' http://wlsecurity078.sks.com.tw/uisgw/api/receive
) 

2024/01/12 08:58:04 - aw.push_NGW400 Arm1-NGW400-WEB PAGEAGE_Cted.(201)_613C_lan! 

2024/01/11 10:22:08 - aw.Iotcapi_on_202312111600 MAKE_613C! 

2024/01/11 10:22:14 - aw.CA_info_completed_and_expiredate_ok! 

2024/01/12 10:18:23 - aw.APP_login_SID=0! 

2024/01/12 10:21:47 - aw.APP_upload_config_run! 

Directory changed to /tmp/usb/sda1
2024/01/12 10:21:51 - aw.config upload OK_lan! 

{status:200,message:作業成功}

2024/01/12 10:21:56 - aw.APP_upload_config_run! 

Directory changed to /tmp/usb/sda1
2024/01/12 10:21:58 - aw.config upload OK_lan! 

{status:200,message:作業成功}

2024-01-12 10:29:26: create_objects.c/ReadAllData, no sensor device 
2024-01-12 10:49:40: create_objects.c/ReadAllData, no sensor device 
2024-01-12 10:54:45: create_objects.c/ReadAllData, no sensor device 
2024/01/12 10:55:28 - aw.get_https_from_HT(613C)_(curl -m 5 -i -X POST -H Content-Type:application/json -d '{sno:001,sigtime:2024/01/12 10:55:27 ,catg:3,mno:0780009,uid:9MBMT39FVRSMZC8F111A,power:A,lan:1,scode:LC110010000,}' http://wlsecurity078.sks.com.tw/uisgw/api/receive
) 

2024/01/12 10:55:35 - aw.get_https_from_HT(613C)_(curl -m 5 -i -X POST -H Content-Type:application/json -d '{sno:002,sigtime:2024/01/12 10:55:34 ,catg:3,mno:0780009,uid:9MBMT39FVRSMZC8F111A,power:A,lan:1,scode:LC290020000,}' http://wlsecurity078.sks.com.tw/uisgw/api/receive
) 

2024/01/12 10:55:37 - aw.LC110010000_Cted.201_001_613C_lan! 

2024/01/12 10:55:41 - aw.get_https_from_HT(613C)_(curl -m 5 -i -X POST -H Content-Type:application/json -d '{sno:003,sigtime:2024/01/12 10:55:40 ,catg:3,mno:0780009,uid:9MBMT39FVRSMZC8F111A,power:A,lan:1,scode:LC100100000,}' http://wlsecurity078.sks.com.tw/uisgw/api/receive
) 

2024/01/12 10:55:42 - aw.LC100100000_Cted.201_003_613C_lan! 

2024/01/12 10:55:49 - aw.LC280030000_Cted.201_004_613C_lan! 

2024/01/12 10:55:56 - aw.LC280040000_Cted.201_005_613C_lan! 

2024/01/12 10:56:00 - aw.get_https_from_HT(613C)_(curl -m 5 -i -X POST -H Content-Type:application/json -d '{sno:006,sigtime:2024/01/12 10:55:59 ,catg:3,mno:0780009,uid:9MBMT39FVRSMZC8F111A,power:A,lan:1,scode:LC290050000,}' http://wlsecurity078.sks.com.tw/uisgw/api/receive
) 

2024/01/12 10:56:02 - aw.LC290050000_Cted.201_006_613C_lan! 

2024/01/12 10:56:06 - aw.get_https_from_HT(613C)_(curl -m 5 -i -X POST -H Content-Type:application/json -d '{sno:007,sigtime:2024/01/12 10:56:05 ,catg:3,mno:0780009,uid:9MBMT39FVRSMZC8F111A,power:A,lan:1,scode:LC290060000,}' http://wlsecurity078.sks.com.tw/uisgw/api/receive
) 

2024/01/12 10:56:08 - aw.LC290060000_Cted.201_007_613C_lan! 

2024/01/12 10:56:13 - aw.get_https_from_HT(613C)_(curl -m 5 -i -X POST -H Content-Type:application/json -d '{sno:008,sigtime:2024/01/12 10:56:12 ,catg:3,mno:0780009,uid:9MBMT39FVRSMZC8F111A,power:A,lan:1,scode:LC280070000,}' http://wlsecurity078.sks.com.tw/uisgw/api/receive
) 

2024/01/12 10:56:15 - aw.LC280070000_Cted.201_008_613C_lan! 

2024/01/12 11:05:37 - aw.Iotcapi_on_202312111600 MAKE_613C! 

2024-01-12 11:05:46: create_objects.c/ReadAllData, no sensor device 
2024/01/12 11:05:40 - aw.Iotcapi_on_202312111600 MAKE_613C! 

2024/01/12 11:10:01 - aw.get_https_from_HT(613C)_(curl -m 5 -i -X POST -H Content-Type:application/json -d '{sno:001,sigtime:2024/01/12 11:10:01 ,catg:3,mno:0780009,uid:9MBMT39FVRSMZC8F111A,power:A,lan:1,scode:ON022000000,}' http://wlsecurity078.sks.com.tw/uisgw/api/receive
) 

2024-01-12 11:10:04: create_objects.c/ReadAllData, no sensor device 
2024/01/12 11:13:17 - aw.ON022000000_Cted.201_001_613C_lan! 

2024/01/12 12:00:05 - aw.CA_info_completed_and_expiredate_ok! 

2024/01/12 14:23:30 - aw.Iotcapi_on_202312111600 MAKE_613C! 

2024/01/12 14:23:36 - aw.CA_info_completed_and_expiredate_ok! 

2024-01-12 14:23:39: create_objects.c/ReadAllData, no sensor device 
2024-01-12 14:43:59: create_objects.c/ReadAllData, no sensor device 
2024-01-12 14:54:09: create_objects.c/ReadAllData, no sensor device 
2024/01/12 15:16:25 - aw.get_https_from_HT(613C)_(curl -m 5 -i -X POST -H Content-Type:application/json -d '{sno:001,sigtime:2024/01/12 15:16:25 ,catg:3,mno:0780009,uid:9MBMT39FVRSMZC8F111A,power:A,lan:1,scode:LC110010000,}' http://wlsecurity078.sks.com.tw/uisgw/api/receive
) 

2024/01/12 15:16:32 - aw.get_https_from_HT(613C)_(curl -m 5 -i -X POST -H Content-Type:application/json -d '{sno:002,sigtime:2024/01/12 15:16:31 ,catg:3,mno:0780009,uid:9MBMT39FVRSMZC8F111A,power:A,lan:1,scode:LC290020000,}' http://wlsecurity078.sks.com.tw/uisgw/api/receive
) 

2024/01/12 15:16:34 - aw.LC110010000_Cted.201_001_613C_lan! 

2024/01/12 15:16:37 - aw.LC290020000_Cted.201_002_613C_lan! 

2024/01/12 15:16:38 - aw.get_https_from_HT(613C)_(curl -m 5 -i -X POST -H Content-Type:application/json -d '{sno:003,sigtime:2024/01/12 15:16:37 ,catg:3,mno:0780009,uid:9MBMT39FVRSMZC8F111A,power:A,lan:1,scode:LC100100000,}' http://wlsecurity078.sks.com.tw/uisgw/api/receive
) 

2024/01/12 15:16:39 - aw.LC100100000_Cted.201_003_613C_lan! 

2024/01/12 15:16:44 - aw.get_https_from_HT(613C)_(curl -m 5 -i -X POST -H Content-Type:application/json -d '{sno:004,sigtime:2024/01/12 15:16:44 ,catg:3,mno:0780009,uid:9MBMT39FVRSMZC8F111A,power:A,lan:1,scode:LC280030000,}' http://wlsecurity078.sks.com.tw/uisgw/api/receive
) 

2024/01/12 15:16:46 - aw.LC280030000_Cted.201_004_613C_lan! 

2024/01/12 15:16:51 - aw.get_https_from_HT(613C)_(curl -m 5 -i -X POST -H Content-Type:application/json -d '{sno:005,sigtime:2024/01/12 15:16:50 ,catg:3,mno:0780009,uid:9MBMT39FVRSMZC8F111A,power:A,lan:1,scode:LC280040000,}' http://wlsecurity078.sks.com.tw/uisgw/api/receive
) 

2024/01/12 15:16:53 - aw.LC280040000_Cted.201_005_613C_lan! 

2024/01/12 15:16:57 - aw.get_https_from_HT(613C)_(curl -m 5 -i -X POST -H Content-Type:application/json -d '{sno:006,sigtime:2024/01/12 15:16:56 ,catg:3,mno:0780009,uid:9MBMT39FVRSMZC8F111A,power:A,lan:1,scode:LC290050000,}' http://wlsecurity078.sks.com.tw/uisgw/api/receive
) 

2024/01/12 15:17:00 - aw.LC290050000_Cted.201_006_613C_lan! 

2024/01/12 15:17:06 - aw.LC290060000_Cted.201_007_613C_lan! 

2024/01/12 15:17:12 - aw.LC280070000_Cted.201_008_613C_lan! 

2024/01/12 16:09:43 - aw.get_https_from_HT(613C)_(curl -m 5 -i -X POST -H Content-Type:application/json -d '{sno:009,sigtime:2024/01/12 16:09:43 ,catg:3,mno:0780009,uid:9MBMT39FVRSMZC8F111A,power:A,lan:1,scode:JO050000000,}' http://wlsecurity078.sks.com.tw/uisgw/api/receive
) 

2024/01/12 16:09:45 - aw.JO050000000_Cted.201_009_613C_lan! 

2024/01/12 16:12:04 - aw.get_push_from_HT(613C)_lan! 

2024/01/12 16:12:05 - aw.get_https_from_HT(613C)_(curl -m 5 -i -X POST -H Content-Type:application/json -d '{sno:010,sigtime:2024/01/12 16:12:03 ,catg:3,mno:0780009,uid:9MBMT39FVRSMZC8F111A,power:A,lan:1,scode:DI023010888,}' http://wlsecurity078.sks.com.tw/uisgw/api/receive
) 

2024/01/12 16:12:07 - aw.DI023010888_Cted.201_010_613C_lan! 

2024/01/12 16:12:10 - aw.push_GATEWAY Disarm1-NGW400-WEB PAGEAGE_Cted.(201)_613C_lan! 

2024/01/12 16:14:38 - aw.IOTC_ER_TIMEOUT_logout(SID=0_-13)! 

2024/01/12 16:15:50 - aw.Upload_run! 

2024/01/12 16:15:50 - aw.App_upload_log_SID=1(26)! 

2024/01/12 16:21:15 - aw.App_IOT_logout_SID=1(-22)! 

2024/01/12 16:46:43 - aw.Iotcapi_on_202312111600 MAKE_613C! 

2024-01-12 17:22:24: create_objects.c/ReadAllData, no sensor device 
2024/01/12 17:39:45 - aw.LC110010000_Cted.201_001_613C_lan! 

2024/01/12 17:39:48 - aw.LC290020000_Cted.201_002_613C_lan! 

2024/01/12 17:39:49 - aw.get_https_from_HT(613C)_(curl -m 5 -i -X POST -H Content-Type:application/json -d '{sno:003,sigtime:2024/01/12 17:39:49 ,catg:3,mno:0780009,uid:9MBMT39FVRSMZC8F111A,power:A,lan:1,scode:LC100100000,}' http://wlsecurity078.sks.com.tw/uisgw/api/receive
) 

2024/01/12 17:39:51 - aw.LC100100000_Cted.201_003_613C_lan! 

2024/01/12 17:39:56 - aw.get_https_from_HT(613C)_(curl -m 5 -i -X POST -H Content-Type:application/json -d '{sno:004,sigtime:2024/01/12 17:39:55 ,catg:3,mno:0780009,uid:9MBMT39FVRSMZC8F111A,power:A,lan:1,scode:LC280030000,}' http://wlsecurity078.sks.com.tw/uisgw/api/receive
) 

2024/01/12 17:39:58 - aw.LC280030000_Cted.201_004_613C_lan! 

2024/01/12 17:40:02 - aw.get_https_from_HT(613C)_(curl -m 5 -i -X POST -H Content-Type:application/json -d '{sno:005,sigtime:2024/01/12 17:40:01 ,catg:3,mno:0780009,uid:9MBMT39FVRSMZC8F111A,power:A,lan:1,scode:LC280040000,}' http://wlsecurity078.sks.com.tw/uisgw/api/receive
) 

2024/01/12 17:40:04 - aw.LC280040000_Cted.201_005_613C_lan! 

2024/01/12 17:40:09 - aw.get_https_from_HT(613C)_(curl -m 5 -i -X POST -H Content-Type:application/json -d '{sno:006,sigtime:2024/01/12 17:40:08 ,catg:3,mno:0780009,uid:9MBMT39FVRSMZC8F111A,power:A,lan:1,scode:LC290050000,}' http://wlsecurity078.sks.com.tw/uisgw/api/receive
) 

2024/01/12 17:40:11 - aw.LC290050000_Cted.201_006_613C_lan! 

2024/01/12 17:40:15 - aw.get_https_from_HT(613C)_(curl -m 5 -i -X POST -H Content-Type:application/json -d '{sno:007,sigtime:2024/01/12 17:40:14 ,catg:3,mno:0780009,uid:9MBMT39FVRSMZC8F111A,power:A,lan:1,scode:LC290060000,}' http://wlsecurity078.sks.com.tw/uisgw/api/receive
) 

2024/01/12 17:40:17 - aw.LC290060000_Cted.201_007_613C_lan! 

2024/01/12 17:40:21 - aw.get_https_from_HT(613C)_(curl -m 5 -i -X POST -H Content-Type:application/json -d '{sno:008,sigtime:2024/01/12 17:40:20 ,catg:3,mno:0780009,uid:9MBMT39FVRSMZC8F111A,power:A,lan:1,scode:LC280070000,}' http://wlsecurity078.sks.com.tw/uisgw/api/receive
) 

2024/01/12 17:40:30 - aw.LC050000000_Cted.201_009_613C_lan! 

2024/01/12 22:10:09 - aw.time_upload_log! 

2024/01/12 22:10:09 - aw.Upload_run! 

curl -m 5 -i -X POST -H "Content-Type:application/json" -d '{"sno":"001","sigtime":"2024/01/12 11:10:01 ","catg":"3","mno":"0780009","uid":"9MBMT39FVRSMZC8F111A","power":"A","lan":"1","scode":"ON022000000,"}' http://wlsecurity078.sks.com.tw/uisgw/api/receive
curl -m 5 -i -X POST -H "Content-Type:application/json" -d '{"sno":"001","sigtime":"2024/01/12 15:16:25 ","catg":"3","mno":"0780009","uid":"9MBMT39FVRSMZC8F111A","power":"A","lan":"1","scode":"LC110010000,"}' http://wlsecurity078.sks.com.tw/uisgw/api/receive
curl -m 5 -i -X POST -H "Content-Type:application/json" -d '{"sno":"002","sigtime":"2024/01/12 15:16:31 ","catg":"3","mno":"0780009","uid":"9MBMT39FVRSMZC8F111A","power":"A","lan":"1","scode":"LC290020000,"}' http://wlsecurity078.sks.com.tw/uisgw/api/receive
curl -m 5 -i -X POST -H "Content-Type:application/json" -d '{"sno":"003","sigtime":"2024/01/12 15:16:37 ","catg":"3","mno":"0780009","uid":"9MBMT39FVRSMZC8F111A","power":"A","lan":"1","scode":"LC100100000,"}' http://wlsecurity078.sks.com.tw/uisgw/api/receive
curl -m 5 -i -X POST -H "Content-Type:application/json" -d '{"sno":"004","sigtime":"2024/01/12 15:16:44 ","catg":"3","mno":"0780009","uid":"9MBMT39FVRSMZC8F111A","power":"A","lan":"1","scode":"LC280030000,"}' http://wlsecurity078.sks.com.tw/uisgw/api/receive
curl -m 5 -i -X POST -H "Content-Type:application/json" -d '{"sno":"005","sigtime":"2024/01/12 15:16:50 ","catg":"3","mno":"0780009","uid":"9MBMT39FVRSMZC8F111A","power":"A","lan":"1","scode":"LC280040000,"}' http://wlsecurity078.sks.com.tw/uisgw/api/receive
curl -m 5 -i -X POST -H "Content-Type:application/json" -d '{"sno":"006","sigtime":"2024/01/12 15:16:56 ","catg":"3","mno":"0780009","uid":"9MBMT39FVRSMZC8F111A","power":"A","lan":"1","scode":"LC290050000,"}' http://wlsecurity078.sks.com.tw/uisgw/api/receive
curl -m 5 -i -X POST -H "Content-Type:application/json" -d '{"sno":"007","sigtime":"2024/01/12 15:17:03 ","catg":"3","mno":"0780009","uid":"9MBMT39FVRSMZC8F111A","power":"A","lan":"1","scode":"LC290060000,"}' http://wlsecurity078.sks.com.tw/uisgw/api/receive
curl -m 5 -i -X POST -H "Content-Type:application/json" -d '{"sno":"008","sigtime":"2024/01/12 15:17:09 ","catg":"3","mno":"0780009","uid":"9MBMT39FVRSMZC8F111A","power":"A","lan":"1","scode":"LC280070000,"}' http://wlsecurity078.sks.com.tw/uisgw/api/receive
curl -m 5 -i -X POST -H "Content-Type:application/json" -d '{"sno":"009","sigtime":"2024/01/12 16:09:43 ","catg":"3","mno":"0780009","uid":"9MBMT39FVRSMZC8F111A","power":"A","lan":"1","scode":"JO050000000,"}' http://wlsecurity078.sks.com.tw/uisgw/api/receive
curl -m 5 -i -X POST -H "Content-Type:application/json" -d '{"sno":"010","sigtime":"2024/01/12 16:12:03 ","catg":"3","mno":"0780009","uid":"9MBMT39FVRSMZC8F111A","power":"A","lan":"1","scode":"DI023010888,"}' http://wlsecurity078.sks.com.tw/uisgw/api/receive
curl -m 5 -i -X POST -H "Content-Type:application/json" -d '{"sno":"001","sigtime":"2024/01/12 17:39:36 ","catg":"3","mno":"0780009","uid":"9MBMT39FVRSMZC8F111A","power":"A","lan":"1","scode":"LC110010000,"}' http://wlsecurity078.sks.com.tw/uisgw/api/receive
curl -m 5 -i -X POST -H "Content-Type:application/json" -d '{"sno":"002","sigtime":"2024/01/12 17:39:42 ","catg":"3","mno":"0780009","uid":"9MBMT39FVRSMZC8F111A","power":"A","lan":"1","scode":"LC290020000,"}' http://wlsecurity078.sks.com.tw/uisgw/api/receive
curl -m 5 -i -X POST -H "Content-Type:application/json" -d '{"sno":"003","sigtime":"2024/01/12 17:39:49 ","catg":"3","mno":"0780009","uid":"9MBMT39FVRSMZC8F111A","power":"A","lan":"1","scode":"LC100100000,"}' http://wlsecurity078.sks.com.tw/uisgw/api/receive
curl -m 5 -i -X POST -H "Content-Type:application/json" -d '{"sno":"004","sigtime":"2024/01/12 17:39:55 ","catg":"3","mno":"0780009","uid":"9MBMT39FVRSMZC8F111A","power":"A","lan":"1","scode":"LC280030000,"}' http://wlsecurity078.sks.com.tw/uisgw/api/receive
curl -m 5 -i -X POST -H "Content-Type:application/json" -d '{"sno":"005","sigtime":"2024/01/12 17:40:01 ","catg":"3","mno":"0780009","uid":"9MBMT39FVRSMZC8F111A","power":"A","lan":"1","scode":"LC280040000,"}' http://wlsecurity078.sks.com.tw/uisgw/api/receive
curl -m 5 -i -X POST -H "Content-Type:application/json" -d '{"sno":"006","sigtime":"2024/01/12 17:40:08 ","catg":"3","mno":"0780009","uid":"9MBMT39FVRSMZC8F111A","power":"A","lan":"1","scode":"LC290050000,"}' http://wlsecurity078.sks.com.tw/uisgw/api/receive
curl -m 5 -i -X POST -H "Content-Type:application/json" -d '{"sno":"007","sigtime":"2024/01/12 17:40:14 ","catg":"3","mno":"0780009","uid":"9MBMT39FVRSMZC8F111A","power":"A","lan":"1","scode":"LC290060000,"}' http://wlsecurity078.sks.com.tw/uisgw/api/receive
curl -m 5 -i -X POST -H "Content-Type:application/json" -d '{"sno":"008","sigtime":"2024/01/12 17:40:20 ","catg":"3","mno":"0780009","uid":"9MBMT39FVRSMZC8F111A","power":"A","lan":"1","scode":"LC280070000,"}' http://wlsecurity078.sks.com.tw/uisgw/api/receive
curl -m 5 -i -X POST -H "Content-Type:application/json" -d '{"sno":"009","sigtime":"2024/01/12 17:40:27 ","catg":"3","mno":"0780009","uid":"9MBMT39FVRSMZC8F111A","power":"A","lan":"1","scode":"LC050000000,"}' http://wlsecurity078.sks.com.tw/uisgw/api/receive
2024/01/13 00:46:01 - aw.Socket_server_8198c mem size=>(12064)! 

2024/01/13 00:46:08 - aw.IOTCAPIs_Device2_8198c_h mem size=>(24048)! 

2024/01/13 08:46:01 - aw.Socket_server_8198c mem size=>(12064)! 

2024/01/13 08:46:08 - aw.IOTCAPIs_Device2_8198c_h mem size=>(24048)! 

2024/01/13 16:46:01 - aw.Socket_server_8198c mem size=>(12064)! 

2024/01/13 16:46:08 - aw.IOTCAPIs_Device2_8198c_h mem size=>(24048)! 

2024/01/13 22:10:08 - aw.time_upload_log! 

2024/01/13 22:10:09 - aw.Upload_run! 

curl -m 5 -i -X POST -H "Content-Type:application/json" -d '{"sno":"001","sigtime":"2024/01/12 11:10:01 ","catg":"3","mno":"0780009","uid":"9MBMT39FVRSMZC8F111A","power":"A","lan":"1","scode":"ON022000000,"}' http://wlsecurity078.sks.com.tw/uisgw/api/receive
curl -m 5 -i -X POST -H "Content-Type:application/json" -d '{"sno":"001","sigtime":"2024/01/12 15:16:25 ","catg":"3","mno":"0780009","uid":"9MBMT39FVRSMZC8F111A","power":"A","lan":"1","scode":"LC110010000,"}' http://wlsecurity078.sks.com.tw/uisgw/api/receive
curl -m 5 -i -X POST -H "Content-Type:application/json" -d '{"sno":"002","sigtime":"2024/01/12 15:16:31 ","catg":"3","mno":"0780009","uid":"9MBMT39FVRSMZC8F111A","power":"A","lan":"1","scode":"LC290020000,"}' http://wlsecurity078.sks.com.tw/uisgw/api/receive
curl -m 5 -i -X POST -H "Content-Type:application/json" -d '{"sno":"003","sigtime":"2024/01/12 15:16:37 ","catg":"3","mno":"0780009","uid":"9MBMT39FVRSMZC8F111A","power":"A","lan":"1","scode":"LC100100000,"}' http://wlsecurity078.sks.com.tw/uisgw/api/receive
curl -m 5 -i -X POST -H "Content-Type:application/json" -d '{"sno":"004","sigtime":"2024/01/12 15:16:44 ","catg":"3","mno":"0780009","uid":"9MBMT39FVRSMZC8F111A","power":"A","lan":"1","scode":"LC280030000,"}' http://wlsecurity078.sks.com.tw/uisgw/api/receive
curl -m 5 -i -X POST -H "Content-Type:application/json" -d '{"sno":"005","sigtime":"2024/01/12 15:16:50 ","catg":"3","mno":"0780009","uid":"9MBMT39FVRSMZC8F111A","power":"A","lan":"1","scode":"LC280040000,"}' http://wlsecurity078.sks.com.tw/uisgw/api/receive
curl -m 5 -i -X POST -H "Content-Type:application/json" -d '{"sno":"006","sigtime":"2024/01/12 15:16:56 ","catg":"3","mno":"0780009","uid":"9MBMT39FVRSMZC8F111A","power":"A","lan":"1","scode":"LC290050000,"}' http://wlsecurity078.sks.com.tw/uisgw/api/receive
curl -m 5 -i -X POST -H "Content-Type:application/json" -d '{"sno":"007","sigtime":"2024/01/12 15:17:03 ","catg":"3","mno":"0780009","uid":"9MBMT39FVRSMZC8F111A","power":"A","lan":"1","scode":"LC290060000,"}' http://wlsecurity078.sks.com.tw/uisgw/api/receive
curl -m 5 -i -X POST -H "Content-Type:application/json" -d '{"sno":"008","sigtime":"2024/01/12 15:17:09 ","catg":"3","mno":"0780009","uid":"9MBMT39FVRSMZC8F111A","power":"A","lan":"1","scode":"LC280070000,"}' http://wlsecurity078.sks.com.tw/uisgw/api/receive
curl -m 5 -i -X POST -H "Content-Type:application/json" -d '{"sno":"009","sigtime":"2024/01/12 16:09:43 ","catg":"3","mno":"0780009","uid":"9MBMT39FVRSMZC8F111A","power":"A","lan":"1","scode":"JO050000000,"}' http://wlsecurity078.sks.com.tw/uisgw/api/receive
curl -m 5 -i -X POST -H "Content-Type:application/json" -d '{"sno":"010","sigtime":"2024/01/12 16:12:03 ","catg":"3","mno":"0780009","uid":"9MBMT39FVRSMZC8F111A","power":"A","lan":"1","scode":"DI023010888,"}' http://wlsecurity078.sks.com.tw/uisgw/api/receive
curl -m 5 -i -X POST -H "Content-Type:application/json" -d '{"sno":"001","sigtime":"2024/01/12 17:39:36 ","catg":"3","mno":"0780009","uid":"9MBMT39FVRSMZC8F111A","power":"A","lan":"1","scode":"LC110010000,"}' http://wlsecurity078.sks.com.tw/uisgw/api/receive
curl -m 5 -i -X POST -H "Content-Type:application/json" -d '{"sno":"002","sigtime":"2024/01/12 17:39:42 ","catg":"3","mno":"0780009","uid":"9MBMT39FVRSMZC8F111A","power":"A","lan":"1","scode":"LC290020000,"}' http://wlsecurity078.sks.com.tw/uisgw/api/receive
curl -m 5 -i -X POST -H "Content-Type:application/json" -d '{"sno":"003","sigtime":"2024/01/12 17:39:49 ","catg":"3","mno":"0780009","uid":"9MBMT39FVRSMZC8F111A","power":"A","lan":"1","scode":"LC100100000,"}' http://wlsecurity078.sks.com.tw/uisgw/api/receive
curl -m 5 -i -X POST -H "Content-Type:application/json" -d '{"sno":"004","sigtime":"2024/01/12 17:39:55 ","catg":"3","mno":"0780009","uid":"9MBMT39FVRSMZC8F111A","power":"A","lan":"1","scode":"LC280030000,"}' http://wlsecurity078.sks.com.tw/uisgw/api/receive
curl -m 5 -i -X POST -H "Content-Type:application/json" -d '{"sno":"005","sigtime":"2024/01/12 17:40:01 ","catg":"3","mno":"0780009","uid":"9MBMT39FVRSMZC8F111A","power":"A","lan":"1","scode":"LC280040000,"}' http://wlsecurity078.sks.com.tw/uisgw/api/receive
curl -m 5 -i -X POST -H "Content-Type:application/json" -d '{"sno":"006","sigtime":"2024/01/12 17:40:08 ","catg":"3","mno":"0780009","uid":"9MBMT39FVRSMZC8F111A","power":"A","lan":"1","scode":"LC290050000,"}' http://wlsecurity078.sks.com.tw/uisgw/api/receive
curl -m 5 -i -X POST -H "Content-Type:application/json" -d '{"sno":"007","sigtime":"2024/01/12 17:40:14 ","catg":"3","mno":"0780009","uid":"9MBMT39FVRSMZC8F111A","power":"A","lan":"1","scode":"LC290060000,"}' http://wlsecurity078.sks.com.tw/uisgw/api/receive
curl -m 5 -i -X POST -H "Content-Type:application/json" -d '{"sno":"008","sigtime":"2024/01/12 17:40:20 ","catg":"3","mno":"0780009","uid":"9MBMT39FVRSMZC8F111A","power":"A","lan":"1","scode":"LC280070000,"}' http://wlsecurity078.sks.com.tw/uisgw/api/receive
curl -m 5 -i -X POST -H "Content-Type:application/json" -d '{"sno":"009","sigtime":"2024/01/12 17:40:27 ","catg":"3","mno":"0780009","uid":"9MBMT39FVRSMZC8F111A","power":"A","lan":"1","scode":"LC050000000,"}' http://wlsecurity078.sks.com.tw/uisgw/api/receive
2024/01/14 00:46:01 - aw.Socket_server_8198c mem size=>(12064)! 

2024/01/14 00:46:08 - aw.IOTCAPIs_Device2_8198c_h mem size=>(24064)! 

2024/01/14 08:46:01 - aw.Socket_server_8198c mem size=>(12064)! 

2024/01/14 08:46:08 - aw.IOTCAPIs_Device2_8198c_h mem size=>(24064)! 

2024/01/14 12:00:05 - aw.CA_info_completed_and_expiredate_ok! 

2024/01/14 16:46:01 - aw.Socket_server_8198c mem size=>(12064)! 

2024/01/14 16:46:08 - aw.IOTCAPIs_Device2_8198c_h mem size=>(24064)! 

2024/01/14 22:10:09 - aw.time_upload_log! 

2024/01/14 22:10:09 - aw.Upload_run! 

curl -m 5 -i -X POST -H "Content-Type:application/json" -d '{"sno":"001","sigtime":"2024/01/12 11:10:01 ","catg":"3","mno":"0780009","uid":"9MBMT39FVRSMZC8F111A","power":"A","lan":"1","scode":"ON022000000,"}' http://wlsecurity078.sks.com.tw/uisgw/api/receive
curl -m 5 -i -X POST -H "Content-Type:application/json" -d '{"sno":"001","sigtime":"2024/01/12 15:16:25 ","catg":"3","mno":"0780009","uid":"9MBMT39FVRSMZC8F111A","power":"A","lan":"1","scode":"LC110010000,"}' http://wlsecurity078.sks.com.tw/uisgw/api/receive
curl -m 5 -i -X POST -H "Content-Type:application/json" -d '{"sno":"002","sigtime":"2024/01/12 15:16:31 ","catg":"3","mno":"0780009","uid":"9MBMT39FVRSMZC8F111A","power":"A","lan":"1","scode":"LC290020000,"}' http://wlsecurity078.sks.com.tw/uisgw/api/receive
curl -m 5 -i -X POST -H "Content-Type:application/json" -d '{"sno":"003","sigtime":"2024/01/12 15:16:37 ","catg":"3","mno":"0780009","uid":"9MBMT39FVRSMZC8F111A","power":"A","lan":"1","scode":"LC100100000,"}' http://wlsecurity078.sks.com.tw/uisgw/api/receive
curl -m 5 -i -X POST -H "Content-Type:application/json" -d '{"sno":"004","sigtime":"2024/01/12 15:16:44 ","catg":"3","mno":"0780009","uid":"9MBMT39FVRSMZC8F111A","power":"A","lan":"1","scode":"LC280030000,"}' http://wlsecurity078.sks.com.tw/uisgw/api/receive
curl -m 5 -i -X POST -H "Content-Type:application/json" -d '{"sno":"005","sigtime":"2024/01/12 15:16:50 ","catg":"3","mno":"0780009","uid":"9MBMT39FVRSMZC8F111A","power":"A","lan":"1","scode":"LC280040000,"}' http://wlsecurity078.sks.com.tw/uisgw/api/receive
curl -m 5 -i -X POST -H "Content-Type:application/json" -d '{"sno":"006","sigtime":"2024/01/12 15:16:56 ","catg":"3","mno":"0780009","uid":"9MBMT39FVRSMZC8F111A","power":"A","lan":"1","scode":"LC290050000,"}' http://wlsecurity078.sks.com.tw/uisgw/api/receive
curl -m 5 -i -X POST -H "Content-Type:application/json" -d '{"sno":"007","sigtime":"2024/01/12 15:17:03 ","catg":"3","mno":"0780009","uid":"9MBMT39FVRSMZC8F111A","power":"A","lan":"1","scode":"LC290060000,"}' http://wlsecurity078.sks.com.tw/uisgw/api/receive
curl -m 5 -i -X POST -H "Content-Type:application/json" -d '{"sno":"008","sigtime":"2024/01/12 15:17:09 ","catg":"3","mno":"0780009","uid":"9MBMT39FVRSMZC8F111A","power":"A","lan":"1","scode":"LC280070000,"}' http://wlsecurity078.sks.com.tw/uisgw/api/receive
curl -m 5 -i -X POST -H "Content-Type:application/json" -d '{"sno":"009","sigtime":"2024/01/12 16:09:43 ","catg":"3","mno":"0780009","uid":"9MBMT39FVRSMZC8F111A","power":"A","lan":"1","scode":"JO050000000,"}' http://wlsecurity078.sks.com.tw/uisgw/api/receive
curl -m 5 -i -X POST -H "Content-Type:application/json" -d '{"sno":"010","sigtime":"2024/01/12 16:12:03 ","catg":"3","mno":"0780009","uid":"9MBMT39FVRSMZC8F111A","power":"A","lan":"1","scode":"DI023010888,"}' http://wlsecurity078.sks.com.tw/uisgw/api/receive
curl -m 5 -i -X POST -H "Content-Type:application/json" -d '{"sno":"001","sigtime":"2024/01/12 17:39:36 ","catg":"3","mno":"0780009","uid":"9MBMT39FVRSMZC8F111A","power":"A","lan":"1","scode":"LC110010000,"}' http://wlsecurity078.sks.com.tw/uisgw/api/receive
curl -m 5 -i -X POST -H "Content-Type:application/json" -d '{"sno":"002","sigtime":"2024/01/12 17:39:42 ","catg":"3","mno":"0780009","uid":"9MBMT39FVRSMZC8F111A","power":"A","lan":"1","scode":"LC290020000,"}' http://wlsecurity078.sks.com.tw/uisgw/api/receive
curl -m 5 -i -X POST -H "Content-Type:application/json" -d '{"sno":"003","sigtime":"2024/01/12 17:39:49 ","catg":"3","mno":"0780009","uid":"9MBMT39FVRSMZC8F111A","power":"A","lan":"1","scode":"LC100100000,"}' http://wlsecurity078.sks.com.tw/uisgw/api/receive
curl -m 5 -i -X POST -H "Content-Type:application/json" -d '{"sno":"004","sigtime":"2024/01/12 17:39:55 ","catg":"3","mno":"0780009","uid":"9MBMT39FVRSMZC8F111A","power":"A","lan":"1","scode":"LC280030000,"}' http://wlsecurity078.sks.com.tw/uisgw/api/receive
curl -m 5 -i -X POST -H "Content-Type:application/json" -d '{"sno":"005","sigtime":"2024/01/12 17:40:01 ","catg":"3","mno":"0780009","uid":"9MBMT39FVRSMZC8F111A","power":"A","lan":"1","scode":"LC280040000,"}' http://wlsecurity078.sks.com.tw/uisgw/api/receive
curl -m 5 -i -X POST -H "Content-Type:application/json" -d '{"sno":"006","sigtime":"2024/01/12 17:40:08 ","catg":"3","mno":"0780009","uid":"9MBMT39FVRSMZC8F111A","power":"A","lan":"1","scode":"LC290050000,"}' http://wlsecurity078.sks.com.tw/uisgw/api/receive
curl -m 5 -i -X POST -H "Content-Type:application/json" -d '{"sno":"007","sigtime":"2024/01/12 17:40:14 ","catg":"3","mno":"0780009","uid":"9MBMT39FVRSMZC8F111A","power":"A","lan":"1","scode":"LC290060000,"}' http://wlsecurity078.sks.com.tw/uisgw/api/receive
curl -m 5 -i -X POST -H "Content-Type:application/json" -d '{"sno":"008","sigtime":"2024/01/12 17:40:20 ","catg":"3","mno":"0780009","uid":"9MBMT39FVRSMZC8F111A","power":"A","lan":"1","scode":"LC280070000,"}' http://wlsecurity078.sks.com.tw/uisgw/api/receive
curl -m 5 -i -X POST -H "Content-Type:application/json" -d '{"sno":"009","sigtime":"2024/01/12 17:40:27 ","catg":"3","mno":"0780009","uid":"9MBMT39FVRSMZC8F111A","power":"A","lan":"1","scode":"LC050000000,"}' http://wlsecurity078.sks.com.tw/uisgw/api/receive
2024/01/15 00:46:01 - aw.Socket_server_8198c mem size=>(12064)! 

2024/01/15 00:46:08 - aw.IOTCAPIs_Device2_8198c_h mem size=>(24064)! 

2024/01/15 08:46:01 - aw.Socket_server_8198c mem size=>(12064)! 

2024/01/15 08:46:08 - aw.IOTCAPIs_Device2_8198c_h mem size=>(24064)! 

2024/01/15 10:07:39 - aw.Iotcapi_on_202312111600 MAKE_613C! 

2024/01/15 10:07:45 - aw.CA_info_completed_and_expiredate_ok! 

2024-01-15 10:07:47: create_objects.c/ReadAllData, no sensor device 
2024/01/15 17:17:44 - aw.Iotcapi_on_202312111600 MAKE_613C! 

2024/01/15 17:17:50 - aw.CA_info_completed_and_expiredate_ok! 

2024-01-15 17:17:53: create_objects.c/ReadAllData, no sensor device 
2024-01-15 17:21:17: create_objects.c/ReadAllData, no sensor device 
2024-01-15 17:22:15: create_objects.c/ReadAllData, no sensor device 
2024-01-15 17:22:57: create_objects.c/ReadAllData, no sensor device 
2024/01/15 18:10:40 - aw.get_https_from_HT(613C)_(curl -m 5 -i -X POST -H Content-Type:application/json -d '{sno:002,sigtime:2024/01/15 18:10:39 ,catg:3,mno:0780009,uid:9MBMT39FVRSMZC8F111A,power:A,lan:1,scode:LC110010000,}' http://wlsecurity078.sks.com.tw/uisgw/api/receive
) 

2024/01/15 18:10:43 - aw.LC110010000_Cted.201_002_613C_lan! 

2024/01/15 18:10:46 - aw.get_https_from_HT(613C)_(curl -m 5 -i -X POST -H Content-Type:application/json -d '{sno:003,sigtime:2024/01/15 18:10:46 ,catg:3,mno:0780009,uid:9MBMT39FVRSMZC8F111A,power:A,lan:1,scode:LC290020000,}' http://wlsecurity078.sks.com.tw/uisgw/api/receive
) 

2024/01/15 18:10:48 - aw.LC290020000_Cted.201_003_613C_lan! 

2024/01/15 18:10:53 - aw.get_https_from_HT(613C)_(curl -m 5 -i -X POST -H Content-Type:application/json -d '{sno:004,sigtime:2024/01/15 18:10:52 ,catg:3,mno:0780009,uid:9MBMT39FVRSMZC8F111A,power:A,lan:1,scode:LC100100000,}' http://wlsecurity078.sks.com.tw/uisgw/api/receive
) 

2024/01/15 18:11:01 - aw.LC280030000_Cted.201_005_613C_lan! 

2024/01/15 18:11:05 - aw.get_https_from_HT(613C)_(curl -m 5 -i -X POST -H Content-Type:application/json -d '{sno:006,sigtime:2024/01/15 18:11:05 ,catg:3,mno:0780009,uid:9MBMT39FVRSMZC8F111A,power:A,lan:1,scode:LC280040000,}' http://wlsecurity078.sks.com.tw/uisgw/api/receive
) 

2024/01/15 18:11:12 - aw.get_https_from_HT(613C)_(curl -m 5 -i -X POST -H Content-Type:application/json -d '{sno:007,sigtime:2024/01/15 18:11:11 ,catg:3,mno:0780009,uid:9MBMT39FVRSMZC8F111A,power:A,lan:1,scode:LC290050000,}' http://wlsecurity078.sks.com.tw/uisgw/api/receive
) 

2024/01/15 18:11:14 - aw.LC290050000_Cted.201_007_613C_lan! 

2024/01/15 18:11:18 - aw.get_https_from_HT(613C)_(curl -m 5 -i -X POST -H Content-Type:application/json -d '{sno:008,sigtime:2024/01/15 18:11:17 ,catg:3,mno:0780009,uid:9MBMT39FVRSMZC8F111A,power:A,lan:1,scode:LC290060000,}' http://wlsecurity078.sks.com.tw/uisgw/api/receive
) 

2024/01/15 18:11:20 - aw.LC290060000_Cted.201_008_613C_lan! 

2024/01/15 18:11:24 - aw.get_https_from_HT(613C)_(curl -m 5 -i -X POST -H Content-Type:application/json -d '{sno:009,sigtime:2024/01/15 18:11:24 ,catg:3,mno:0780009,uid:9MBMT39FVRSMZC8F111A,power:A,lan:1,scode:LC280070000,}' http://wlsecurity078.sks.com.tw/uisgw/api/receive
) 

2024/01/15 18:11:26 - aw.LC280070000_Cted.201_009_613C_lan! 

2024/01/15 22:10:09 - aw.Upload_run! 

curl -m 5 -i -X POST -H "Content-Type:application/json" -d '{"sno":"001","sigtime":"2024/01/15 17:17:43 ","catg":"3","mno":"0780009","uid":"9MBMT39FVRSMZC8F111A","power":"A","lan":"1","scode":"ON022000000,"}' http://wlsecurity078.sks.com.tw/uisgw/api/receive
curl -m 5 -i -X POST -H "Content-Type:application/json" -d '{"sno":"002","sigtime":"2024/01/15 18:10:39 ","catg":"3","mno":"0780009","uid":"9MBMT39FVRSMZC8F111A","power":"A","lan":"1","scode":"LC110010000,"}' http://wlsecurity078.sks.com.tw/uisgw/api/receive
curl -m 5 -i -X POST -H "Content-Type:application/json" -d '{"sno":"003","sigtime":"2024/01/15 18:10:46 ","catg":"3","mno":"0780009","uid":"9MBMT39FVRSMZC8F111A","power":"A","lan":"1","scode":"LC290020000,"}' http://wlsecurity078.sks.com.tw/uisgw/api/receive
curl -m 5 -i -X POST -H "Content-Type:application/json" -d '{"sno":"004","sigtime":"2024/01/15 18:10:52 ","catg":"3","mno":"0780009","uid":"9MBMT39FVRSMZC8F111A","power":"A","lan":"1","scode":"LC100100000,"}' http://wlsecurity078.sks.com.tw/uisgw/api/receive
curl -m 5 -i -X POST -H "Content-Type:application/json" -d '{"sno":"005","sigtime":"2024/01/15 18:10:58 ","catg":"3","mno":"0780009","uid":"9MBMT39FVRSMZC8F111A","power":"A","lan":"1","scode":"LC280030000,"}' http://wlsecurity078.sks.com.tw/uisgw/api/receive
curl -m 5 -i -X POST -H "Content-Type:application/json" -d '{"sno":"006","sigtime":"2024/01/15 18:11:05 ","catg":"3","mno":"0780009","uid":"9MBMT39FVRSMZC8F111A","power":"A","lan":"1","scode":"LC280040000,"}' http://wlsecurity078.sks.com.tw/uisgw/api/receive
curl -m 5 -i -X POST -H "Content-Type:application/json" -d '{"sno":"007","sigtime":"2024/01/15 18:11:11 ","catg":"3","mno":"0780009","uid":"9MBMT39FVRSMZC8F111A","power":"A","lan":"1","scode":"LC290050000,"}' http://wlsecurity078.sks.com.tw/uisgw/api/receive
curl -m 5 -i -X POST -H "Content-Type:application/json" -d '{"sno":"008","sigtime":"2024/01/15 18:11:17 ","catg":"3","mno":"0780009","uid":"9MBMT39FVRSMZC8F111A","power":"A","lan":"1","scode":"LC290060000,"}' http://wlsecurity078.sks.com.tw/uisgw/api/receive
curl -m 5 -i -X POST -H "Content-Type:application/json" -d '{"sno":"009","sigtime":"2024/01/15 18:11:24 ","catg":"3","mno":"0780009","uid":"9MBMT39FVRSMZC8F111A","power":"A","lan":"1","scode":"LC280070000,"}' http://wlsecurity078.sks.com.tw/uisgw/api/receive
2024/01/16 12:00:05 - aw.CA_info_completed_and_expiredate_ok! 

2024/01/16 14:32:02 - aw.Iotcapi_on_202312111600 MAKE_613C! 

2024/01/16 14:32:08 - aw.CA_info_completed_and_expiredate_ok! 

2024-01-16 14:32:11: create_objects.c/ReadAllData, no sensor device 
2024-01-16 14:35:02: create_objects.c/ReadAllData, no sensor device 
2024-01-16 14:40:06: create_objects.c/ReadAllData, no sensor device 
2024-01-16 14:45:09: create_objects.c/ReadAllData, no sensor device 
2024-01-16 14:50:15: create_objects.c/ReadAllData, no sensor device 
2024/01/16 15:25:14 - aw.LC110010000_Cted.201_001_613C_lan! 

2024/01/16 15:25:17 - aw.LC290020000_Cted.201_002_613C_lan! 

2024/01/16 15:25:18 - aw.get_https_from_HT(613C)_(curl -m 5 -i -X POST -H Content-Type:application/json -d '{sno:003,sigtime:2024/01/16 15:25:17 ,catg:3,mno:0780009,uid:9MBMT39FVRSMZC8F111A,power:A,lan:1,scode:LC100100000,}' http://wlsecurity078.sks.com.tw/uisgw/api/receive
) 

2024/01/16 15:25:20 - aw.LC100100000_Cted.201_003_613C_lan! 

2024/01/16 15:25:25 - aw.get_https_from_HT(613C)_(curl -m 5 -i -X POST -H Content-Type:application/json -d '{sno:004,sigtime:2024/01/16 15:25:24 ,catg:3,mno:0780009,uid:9MBMT39FVRSMZC8F111A,power:A,lan:1,scode:LC280030000,}' http://wlsecurity078.sks.com.tw/uisgw/api/receive
) 

2024/01/16 15:25:27 - aw.LC280030000_Cted.201_004_613C_lan! 

2024/01/16 15:25:31 - aw.get_https_from_HT(613C)_(curl -m 5 -i -X POST -H Content-Type:application/json -d '{sno:005,sigtime:2024/01/16 15:25:30 ,catg:3,mno:0780009,uid:9MBMT39FVRSMZC8F111A,power:A,lan:1,scode:LC280040000,}' http://wlsecurity078.sks.com.tw/uisgw/api/receive
) 

2024/01/16 15:25:33 - aw.LC280040000_Cted.201_005_613C_lan! 

2024/01/16 15:25:37 - aw.get_https_from_HT(613C)_(curl -m 5 -i -X POST -H Content-Type:application/json -d '{sno:006,sigtime:2024/01/16 15:25:37 ,catg:3,mno:0780009,uid:9MBMT39FVRSMZC8F111A,power:A,lan:1,scode:LC290050000,}' http://wlsecurity078.sks.com.tw/uisgw/api/receive
) 

2024/01/16 15:25:39 - aw.LC290050000_Cted.201_006_613C_lan! 

2024/01/16 15:25:44 - aw.get_https_from_HT(613C)_(curl -m 5 -i -X POST -H Content-Type:application/json -d '{sno:007,sigtime:2024/01/16 15:25:43 ,catg:3,mno:0780009,uid:9MBMT39FVRSMZC8F111A,power:A,lan:1,scode:LC290060000,}' http://wlsecurity078.sks.com.tw/uisgw/api/receive
) 

2024/01/16 15:25:46 - aw.LC290060000_Cted.201_007_613C_lan! 

2024-01-16 15:25:47: create_objects.c/ReadAllData, no sensor device 
2024/01/16 15:25:50 - aw.get_https_from_HT(613C)_(curl -m 5 -i -X POST -H Content-Type:application/json -d '{sno:008,sigtime:2024/01/16 15:25:49 ,catg:3,mno:0780009,uid:9MBMT39FVRSMZC8F111A,power:A,lan:1,scode:LC280070000,}' http://wlsecurity078.sks.com.tw/uisgw/api/receive
) 

2024/01/16 15:25:52 - aw.LC280070000_Cted.201_008_613C_lan! 

2024/01/16 15:25:56 - aw.get_https_from_HT(613C)_(curl -m 5 -i -X POST -H Content-Type:application/json -d '{sno:009,sigtime:2024/01/16 15:25:56 ,catg:3,mno:0780009,uid:9MBMT39FVRSMZC8F111A,power:A,lan:1,scode:LC050000000,}' http://wlsecurity078.sks.com.tw/uisgw/api/receive
) 

2024/01/16 15:50:50 - aw.get_https_from_HT(613C)_(curl -m 5 -i -X POST -H Content-Type:application/json -d '{sno:001,sigtime:2024/01/16 15:50:49 ,catg:3,mno:0780009,uid:9MBMT39FVRSMZC8F111A,power:A,lan:1,scode:ON022000000,}' http://wlsecurity078.sks.com.tw/uisgw/api/receive
) 

2024/01/16 15:50:50 - aw.Iotcapi_on_202312111600 MAKE_613C! 

2024/01/16 15:50:56 - aw.CA_info_completed_and_expiredate_ok! 

2024-01-16 15:50:59: create_objects.c/ReadAllData, no sensor device 
2024/01/16 15:55:16 - aw.ON022000000_Cted.201_001_613C_lan! 

2024-01-16 15:56:02: create_objects.c/ReadAllData, no sensor device 
2024/01/16 16:43:47 - aw.get_https_from_HT(613C)_(curl -m 5 -i -X POST -H Content-Type:application/json -d '{sno:002,sigtime:2024/01/16 16:43:46 ,catg:3,mno:0780009,uid:9MBMT39FVRSMZC8F111A,power:A,lan:1,scode:LC110010000,}' http://wlsecurity078.sks.com.tw/uisgw/api/receive
) 

2024/01/16 16:43:49 - aw.LC110010000_Cted.201_002_613C_lan! 

2024/01/16 16:43:53 - aw.get_https_from_HT(613C)_(curl -m 5 -i -X POST -H Content-Type:application/json -d '{sno:003,sigtime:2024/01/16 16:43:53 ,catg:3,mno:0780009,uid:9MBMT39FVRSMZC8F111A,power:A,lan:1,scode:LC290020000,}' http://wlsecurity078.sks.com.tw/uisgw/api/receive
) 

2024/01/16 16:43:55 - aw.LC290020000_Cted.201_003_613C_lan! 

2024/01/16 16:44:06 - aw.get_https_from_HT(613C)_(curl -m 5 -i -X POST -H Content-Type:application/json -d '{sno:005,sigtime:2024/01/16 16:44:05 ,catg:3,mno:0780009,uid:9MBMT39FVRSMZC8F111A,power:A,lan:1,scode:LC280030000,}' http://wlsecurity078.sks.com.tw/uisgw/api/receive
) 

2024/01/16 16:44:08 - aw.LC280030000_Cted.201_005_613C_lan! 

2024/01/16 16:44:12 - aw.get_https_from_HT(613C)_(curl -m 5 -i -X POST -H Content-Type:application/json -d '{sno:006,sigtime:2024/01/16 16:44:12 ,catg:3,mno:0780009,uid:9MBMT39FVRSMZC8F111A,power:A,lan:1,scode:LC280040000,}' http://wlsecurity078.sks.com.tw/uisgw/api/receive
) 

2024/01/16 16:44:15 - aw.LC280040000_Cted.201_006_613C_lan! 

2024/01/16 16:44:19 - aw.get_https_from_HT(613C)_(curl -m 5 -i -X POST -H Content-Type:application/json -d '{sno:007,sigtime:2024/01/16 16:44:18 ,catg:3,mno:0780009,uid:9MBMT39FVRSMZC8F111A,power:A,lan:1,scode:LC290050000,}' http://wlsecurity078.sks.com.tw/uisgw/api/receive
) 

2024/01/16 16:44:21 - aw.LC290050000_Cted.201_007_613C_lan! 

2024/01/16 16:44:25 - aw.get_https_from_HT(613C)_(curl -m 5 -i -X POST -H Content-Type:application/json -d '{sno:008,sigtime:2024/01/16 16:44:24 ,catg:3,mno:0780009,uid:9MBMT39FVRSMZC8F111A,power:A,lan:1,scode:LC290060000,}' http://wlsecurity078.sks.com.tw/uisgw/api/receive
) 

2024/01/16 16:44:27 - aw.LC290060000_Cted.201_008_613C_lan! 

2024/01/16 16:44:32 - aw.get_https_from_HT(613C)_(curl -m 5 -i -X POST -H Content-Type:application/json -d '{sno:009,sigtime:2024/01/16 16:44:31 ,catg:3,mno:0780009,uid:9MBMT39FVRSMZC8F111A,power:A,lan:1,scode:LC280070000,}' http://wlsecurity078.sks.com.tw/uisgw/api/receive
) 

2024/01/16 16:44:34 - aw.LC280070000_Cted.201_009_613C_lan! 

2024/01/16 16:44:38 - aw.get_https_from_HT(613C)_(curl -m 5 -i -X POST -H Content-Type:application/json -d '{sno:010,sigtime:2024/01/16 16:44:37 ,catg:3,mno:0780009,uid:9MBMT39FVRSMZC8F111A,power:A,lan:1,scode:LC050000000,}' http://wlsecurity078.sks.com.tw/uisgw/api/receive
) 

2024/01/16 16:44:40 - aw.LC050000000_Cted.201_010_613C_lan! 

2024/01/16 17:59:08 - aw.Iotcapi_on_202312111600 MAKE_613C! 

2024/01/16 17:59:14 - aw.CA_info_completed_and_expiredate_ok! 

2024-01-16 17:59:16: create_objects.c/ReadAllData, no sensor device 
2024-01-16 18:05:37: create_objects.c/ReadAllData, no sensor device 
2024-01-16 18:10:43: create_objects.c/ReadAllData, no sensor device 
2024-01-16 18:31:01: create_objects.c/ReadAllData, no sensor device 
