2024/01/16 18:03:17 - aw."ON022000000"_Cted.201_"001"_613C_lan! 
2024/01/16 17:59:34 - Wan Port Connected-NGW230-0x000000 0,300,20
2024/01/16 17:59:14 - aw.CA_info_completed_and_expiredate_ok! 
2024/01/16 17:59:13 - AGENT!MQTT_RBT--405  ,255,7
2024/01/16 17:59:10 - aw.Hanton_socket_client_connect_fail! 
2024/01/16 17:59:07 - Restore AC power-NGW400-WEB PAGE  ,255,18
2024/01/16 17:58:05 - AGENT!MQTT_RBT--405  ,255,7
2024/01/16 17:58:01 - AGENT!MQTT_RBT--405  ,255,7
2024/01/16 17:57:57 - AGENT!MQTT_RBT--405  ,255,7
2024/01/16 17:57:53 - AGENT!MQTT_RBT--405  ,255,7
2024/01/16 17:57:49 - AGENT!MQTT_RBT--405  ,255,7
2024/01/16 17:57:45 - AGENT!MQTT_RBT--405  ,255,7
2024/01/16 17:57:41 - AGENT!MQTT_RBT--405  ,255,7
2024/01/16 17:57:37 - AGENT!MQTT_RBT--405  ,255,7
2024/01/16 17:57:33 - AGENT!MQTT_RBT--405  ,255,7
2024/01/16 17:57:29 - AGENT!MQTT_RBT--405  ,255,7
2024/01/16 17:57:25 - AGENT!MQTT_RBT--405  ,255,7
2024/01/16 17:57:21 - AGENT!MQTT_RBT--405  ,255,7
2024/01/16 17:57:17 - AGENT!MQTT_RBT--405  ,255,7
2024/01/16 17:57:13 - AGENT!MQTT_RBT--405  ,255,7
2024/01/16 17:57:09 - AGENT!MQTT_RBT--405  ,255,7
2024/01/16 17:57:05 - AGENT!MQTT_RBT--405  ,255,7
2024/01/16 17:57:01 - AGENT!MQTT_RBT--405  ,255,7
2024/01/16 17:56:57 - AGENT!MQTT_RBT--405  ,255,7
2024/01/16 17:56:53 - AGENT!MQTT_RBT--405  ,255,7
2024/01/16 17:56:48 - AGENT!MQTT_RBT--405  ,255,7
2024/01/16 17:56:44 - AGENT!MQTT_RBT--405  ,255,7
2024/01/16 17:56:40 - AGENT!MQTT_RBT--405  ,255,7
2024/01/16 17:56:36 - AGENT!MQTT_RBT--405  ,255,7
2024/01/16 17:56:32 - AGENT!MQTT_RBT--405  ,255,7
2024/01/16 17:56:28 - AGENT!MQTT_RBT--405  ,255,7
2024/01/16 17:56:24 - AGENT!MQTT_RBT--405  ,255,7
2024/01/16 17:56:20 - AGENT!MQTT_RBT--405  ,255,7
2024/01/16 17:56:16 - AGENT!MQTT_RBT--405  ,255,7
2024/01/16 17:56:12 - AGENT!MQTT_RBT--405  ,255,7
2024/01/16 17:56:08 - AGENT!MQTT_RBT--405  ,255,7
2024/01/16 17:56:04 - AGENT!MQTT_RBT--405  ,255,7
2024/01/16 17:56:00 - AGENT!MQTT_RBT--405  ,255,7
2024/01/16 17:55:56 - AGENT!MQTT_RBT--405  ,255,7
2024/01/16 17:55:52 - AGENT!MQTT_RBT--405  ,255,7
2024/01/16 17:55:48 - AGENT!MQTT_RBT--405  ,255,7
2024/01/16 17:55:44 - AGENT!MQTT_RBT--405  ,255,7
2024/01/16 17:55:40 - AGENT!MQTT_RBT--405  ,255,7
2024/01/16 17:55:36 - AGENT!MQTT_RBT--405  ,255,7
2024/01/16 17:55:32 - AGENT!MQTT_RBT--405  ,255,7
2024/01/16 17:55:28 - AGENT!MQTT_RBT--405  ,255,7
2024/01/16 17:55:23 - AGENT!MQTT_RBT--405  ,255,7
2024/01/16 17:55:19 - AGENT!MQTT_RBT--405  ,255,7
2024/01/16 17:55:15 - AGENT!MQTT_RBT--405  ,255,7
2024/01/16 17:55:11 - AGENT!MQTT_RBT--405  ,255,7
2024/01/16 17:55:07 - AGENT!MQTT_RBT--405  ,255,7
2024/01/16 17:55:03 - AGENT!MQTT_RBT--405  ,255,7
2024/01/16 17:54:59 - AGENT!MQTT_RBT--405  ,255,7
2024/01/16 17:54:55 - AGENT!MQTT_RBT--405  ,255,7
2024/01/16 17:54:51 - AGENT!MQTT_RBT--405  ,255,7
2024/01/16 17:54:47 - AGENT!MQTT_RBT--405  ,255,7
2024/01/16 17:54:43 - AGENT!MQTT_RBT--405  ,255,7
2024/01/16 17:54:39 - AGENT!MQTT_RBT--405  ,255,7
2024/01/16 17:54:35 - AGENT!MQTT_RBT--405  ,255,7
2024/01/16 17:54:31 - AGENT!MQTT_RBT--405  ,255,7
2024/01/16 17:54:27 - AGENT!MQTT_RBT--405  ,255,7
2024/01/16 17:54:23 - AGENT!MQTT_RBT--405  ,255,7
2024/01/16 17:54:19 - AGENT!MQTT_RBT--405  ,255,7
2024/01/16 17:54:15 - AGENT!MQTT_RBT--405  ,255,7
2024/01/16 17:54:11 - AGENT!MQTT_RBT--405  ,255,7
2024/01/16 17:54:07 - AGENT!MQTT_RBT--405  ,255,7
2024/01/16 17:54:03 - AGENT!MQTT_RBT--405  ,255,7
2024/01/16 17:53:59 - AGENT!MQTT_RBT--405  ,255,7
2024/01/16 17:53:55 - AGENT!MQTT_RBT--405  ,255,7
2024/01/16 17:53:50 - AGENT!MQTT_RBT--405  ,255,7
2024/01/16 17:53:46 - AGENT!MQTT_RBT--405  ,255,7
2024/01/16 17:53:42 - AGENT!MQTT_RBT--405  ,255,7
2024/01/16 17:53:38 - AGENT!MQTT_RBT--405  ,255,7
2024/01/16 17:53:34 - AGENT!MQTT_RBT--405  ,255,7
2024/01/16 17:53:30 - AGENT!MQTT_RBT--405  ,255,7
2024/01/16 17:53:26 - AGENT!MQTT_RBT--405  ,255,7
2024/01/16 17:53:22 - AGENT!MQTT_RBT--405  ,255,7
2024/01/16 17:53:18 - AGENT!MQTT_RBT--405  ,255,7
2024/01/16 17:53:14 - AGENT!MQTT_RBT--405  ,255,7
2024/01/16 17:53:10 - AGENT!MQTT_RBT--405  ,255,7
2024/01/16 17:53:06 - AGENT!MQTT_RBT--405  ,255,7
2024/01/16 17:53:02 - AGENT!MQTT_RBT--405  ,255,7
2024/01/16 17:52:58 - AGENT!MQTT_RBT--405  ,255,7
2024/01/16 17:52:54 - AGENT!MQTT_RBT--405  ,255,7
2024/01/16 17:52:50 - AGENT!MQTT_RBT--405  ,255,7
2024/01/16 17:52:46 - AGENT!MQTT_RBT--405  ,255,7
2024/01/16 17:52:42 - AGENT!MQTT_RBT--405  ,255,7
2024/01/16 17:52:38 - AGENT!MQTT_RBT--405  ,255,7
2024/01/16 17:52:34 - AGENT!MQTT_RBT--405  ,255,7
2024/01/16 17:52:30 - AGENT!MQTT_RBT--405  ,255,7
2024/01/16 17:52:25 - AGENT!MQTT_RBT--405  ,255,7
2024/01/16 17:52:21 - AGENT!MQTT_RBT--405  ,255,7
2024/01/16 17:52:17 - AGENT!MQTT_RBT--405  ,255,7
2024/01/16 17:52:13 - AGENT!MQTT_RBT--405  ,255,7
2024/01/16 17:52:09 - AGENT!MQTT_RBT--405  ,255,7
2024/01/16 17:52:05 - AGENT!MQTT_RBT--405  ,255,7
2024/01/16 17:52:01 - AGENT!MQTT_RBT--405  ,255,7
2024/01/16 17:51:57 - AGENT!MQTT_RBT--405  ,255,7
2024/01/16 17:51:53 - AGENT!MQTT_RBT--405  ,255,7
2024/01/16 17:51:49 - AGENT!MQTT_RBT--405  ,255,7
